host: reslnvhpc0164.research.chop.edu
Building DAG of jobs...
Full Traceback (most recent call last):
  File "/home/theillere/miniconda3/envs/sunbeam4.7.0/lib/python3.12/site-packages/snakemake/cli.py", line 2156, in args_to_api
    dag_api.execute_workflow(
  File "/home/theillere/miniconda3/envs/sunbeam4.7.0/lib/python3.12/site-packages/snakemake/api.py", line 597, in execute_workflow
    workflow.execute(
  File "/home/theillere/miniconda3/envs/sunbeam4.7.0/lib/python3.12/site-packages/snakemake/workflow.py", line 1127, in execute
    self._build_dag()
  File "/home/theillere/miniconda3/envs/sunbeam4.7.0/lib/python3.12/site-packages/snakemake/workflow.py", line 1075, in _build_dag
    async_run(self.dag.init())
  File "/home/theillere/miniconda3/envs/sunbeam4.7.0/lib/python3.12/site-packages/snakemake/common/__init__.py", line 91, in async_run
    return asyncio.run(coroutine)
           ^^^^^^^^^^^^^^^^^^^^^^
  File "/home/theillere/miniconda3/envs/sunbeam4.7.0/lib/python3.12/asyncio/runners.py", line 194, in run
    return runner.run(main)
           ^^^^^^^^^^^^^^^^
  File "/home/theillere/miniconda3/envs/sunbeam4.7.0/lib/python3.12/asyncio/runners.py", line 118, in run
    return self._loop.run_until_complete(task)
           ^^^^^^^^^^^^^^^^^^^^^^^^^^^^^^^^^^^
  File "/home/theillere/miniconda3/envs/sunbeam4.7.0/lib/python3.12/asyncio/base_events.py", line 686, in run_until_complete
    return future.result()
           ^^^^^^^^^^^^^^^
  File "/home/theillere/miniconda3/envs/sunbeam4.7.0/lib/python3.12/site-packages/snakemake/dag.py", line 197, in init
    job = await self.update([job], progress=progress, create_inventory=True)
          ^^^^^^^^^^^^^^^^^^^^^^^^^^^^^^^^^^^^^^^^^^^^^^^^^^^^^^^^^^^^^^^^^^
  File "/home/theillere/miniconda3/envs/sunbeam4.7.0/lib/python3.12/site-packages/snakemake/dag.py", line 1070, in update
    raise exceptions[0]
  File "/home/theillere/miniconda3/envs/sunbeam4.7.0/lib/python3.12/site-packages/snakemake/dag.py", line 1027, in update
    await self.update_(
  File "/home/theillere/miniconda3/envs/sunbeam4.7.0/lib/python3.12/site-packages/snakemake/dag.py", line 1194, in update_
    raise MissingInputException(job, missing_input)
snakemake.exceptions.MissingInputException: Missing input files for rule all_sga:
    affected files:
        reports/shovill.report
        reports/checkm.report
        reports/amr.report
        reports/mlst.report
        reports/bakta.report
        reports/mash.report

MissingInputException in rule all_sga in file /scr1/users/theillere/sunbeam4.7.0/extensions/sbx_sga/sbx_sga.smk, line 27:
Missing input files for rule all_sga:
    affected files:
        reports/shovill.report
        reports/checkm.report
        reports/amr.report
        reports/mlst.report
        reports/bakta.report
        reports/mash.report
